<?xml version="1.0" encoding="UTF-8"?>
<testsuite xmlns:xsi="http://www.w3.org/2001/XMLSchema-instance" xsi:noNamespaceSchemaLocation="https://maven.apache.org/surefire/maven-surefire-plugin/xsd/surefire-test-report-3.0.xsd" version="3.0" name="com.mena.calculator.ExpressionCalculatorTest" time="0.186" tests="11" errors="0" skipped="0" failures="0">
  <properties>
[...]
</properties>
  <testcase name="emptyOrBlank_shouldThrow" classname="com.mena.calculator.ExpressionCalculatorTest" time="0.064"/>
  <testcase name="handles_whitespace" classname="com.mena.calculator.ExpressionCalculatorTest" time="0.021"/>
  <testcase name="handles_negativeNumbers" classname="com.mena.calculator.ExpressionCalculatorTest" time="0.003"/>
  <testcase name="handles_decimals" classname="com.mena.calculator.ExpressionCalculatorTest" time="0.002"/>
  <testcase name="longerExpression_mixedOperations" classname="com.mena.calculator.ExpressionCalculatorTest" time="0.003"/>
  <testcase name="parentheses_overridePrecedence" classname="com.mena.calculator.ExpressionCalculatorTest" time="0.003"/>
  <testcase name="mismatchedParentheses_shouldThrow" classname="com.mena.calculator.ExpressionCalculatorTest" time="0.007"/>
  <testcase name="divisionByZero_shouldThrow" classname="com.mena.calculator.ExpressionCalculatorTest" time="0.004"/>
  <testcase name="malformedOperatorSequences_shouldThrow" classname="com.mena.calculator.ExpressionCalculatorTest" time="0.005"/>
  <testcase name="precedence_multiplicationBeforeAddition" classname="com.mena.calculator.ExpressionCalculatorTest" time="0.001"/>
  <testcase name="invalidTokens_shouldThrow" classname="com.mena.calculator.ExpressionCalculatorTest" time="0.002"/>
</testsuite>